{"level":"info","message":"Hello, Winston Avinash"}
{"error":{},"level":"error","message":"Something went wrong"}
{"level":"info","message":"Hello, Winston Avinash"}
{"error":{},"level":"error","message":"Something went wrong suno"}
{"level":"info","message":"Hello, Winston Anurag"}
{"error":{},"level":"error","message":"Something went wrong here"}
{"level":"info","message":"Hello, Winston Anurag"}
{"error":{},"level":"error","message":"Something went wrong here"}
{"level":"info","message":"Hello, Winston Anurag"}
{"error":{},"level":"error","message":"Something went wrong here"}
{"level":"info","message":"Hello, Winston Anurag singh"}
{"error":{},"level":"error","message":"Something went wrong here note"}
2023-07-19T07:29:18.421Z [right meow!] info:Hello, Winston Anurag singh
2023-07-19T07:29:18.425Z [right meow!] error:Something went wrong here note
2023-07-19T07:36:14.753Z [right meow!] info:Hello, Winston Anurag singh
2023-07-19T07:36:14.757Z [right meow!] error:Something went wrong here note
2023-07-19T07:38:20.346Z [right meow!] info:Hello, Winston Anurag singh
2023-07-19T07:38:20.350Z [right meow!] error:Something went wrong here note
2023-07-19T07:39:32.715Z [right meow!] info:Hello, Winston our
2023-07-19T07:39:32.719Z [right meow!] error:Something went wrong me
2023-07-19T07:39:48.840Z [right meow!] info:Hello, Winston our
2023-07-19T07:39:48.847Z [right meow!] error:Something went wrong me
2023-07-19T07:40:25.389Z [right meow!] info:Hello, Winston our
2023-07-19T07:40:25.396Z [right meow!] error:Something went wrong me
