{"level":"info","message":"Hello, Winston"}
{"error":{},"level":"error","message":"Something went wrong"}
{"level":"info","message":"Hello, Winston Avinash"}
{"error":{},"level":"error","message":"Something went wrong"}
{"level":"info","message":"Hello, Winston Avinash"}
{"error":{},"level":"error","message":"Something went wrong"}
{"error":{},"level":"error","message":"Something went wrong"}
{"error":{},"level":"error","message":"Something went wrong"}
{"error":{},"level":"error","message":"Something went wrong"}
{"error":{},"level":"error","message":"Something went wrong suno"}
{"error":{},"level":"error","message":"Something went wrong suno"}
{"error":{},"level":"error","message":"Something went wrong here"}
{"error":{},"level":"error","message":"Something went wrong here"}
{"error":{},"level":"error","message":"Something went wrong here"}
{"error":{},"level":"error","message":"Something went wrong here note"}
2023-07-19T07:29:18.425Z [right meow!] error:Something went wrong here note
2023-07-19T07:36:14.757Z [right meow!] error:Something went wrong here note
2023-07-19T07:38:20.350Z [right meow!] error:Something went wrong here note
2023-07-19T07:39:32.719Z [right meow!] error:Something went wrong me
2023-07-19T07:39:48.847Z [right meow!] error:Something went wrong me
2023-07-19T07:40:25.396Z [right meow!] error:Something went wrong me
